Sencha Cmd 6.0.0.202 - Crash report
================================================
An error occurred while executing the following command: package build

Diagnostic information:
=======================
                        app.sass.dynamic : true                                              
                    buildenvironment.dir : /Volumes/Disk2/git.projects/eui-workspace/packages/local/eui-core
               buildenvironment.load.dir : /Volumes/Disk2/git.projects/eui-workspace/packages/local/eui-core
                          cmd.config.dir : /Users/benney/bin/Sencha/Cmd/6.0.0.202            
                                 cmd.dir : /Users/benney/bin/Sencha/Cmd/6.0.0.202            
                    cmd.framework.minver : 5.5.0                                             
                   cmd.framework.version : 99.99                                             
                            cmd.jvm.args : -Xms128m -Xmx1024m -Dapple.awt.UIElement=true     
              cmd.merge.tool.args.araxis : -wait -merge -3 -a1 {base} {user} {generated} {out}
              cmd.merge.tool.args.kdiff3 : {base} {user} {generated} -o {out}                
             cmd.merge.tool.args.p4merge : {base} {user} {generated} {out}                   
           cmd.merge.tool.args.smartsync : {user} {generated} {base}                         
          cmd.merge.tool.args.sourcegear : --merge --result={out} {user} {base} {generated}  
            cmd.merge.tool.args.tortoise : -base:{base} -theirs:{generated} -mine:{user} -merged:{out}
                              cmd.minver : 3.0.0.0                                           
                            cmd.platform : osx                                               
                         cmd.server.port : 1841                                              
                     cmd.unicode.escapes : /Users/benney/bin/Sencha/Cmd/6.0.0.202/unicode-escapes.json
                             cmd.version : 6.0.0.202                                         
                            cmd.web.port : 1841                                              
                      config.skipInherit : true                                              
                                 ext.dir : /Volumes/Disk2/git.projects/eui-workspace/ext     
                        ext.license.name : dev                                               
                     framework.build.dir : ${package.output.base}                            
                     framework.classpath : /Volumes/Disk2/git.projects/eui-workspace/packages/local/eui-core/src
                    framework.cmd.minver : 6.2.0.95                                          
                   framework.cmd.version : 6.2.0.95                                          
                 framework.compatVersion : 6.2.0                                             
                    framework.config.dir : /Users/benney/bin/Sencha/Cmd/6.0.0.202/plugins/ext/current
                       framework.creator : Sencha                                            
           framework.detailedDescription : Sencha Ext JS JavaScript Framework                
                           framework.dir : /Volumes/Disk2/git.projects/eui-workspace/ext     
                  framework.example.apps : admin-dashboard,executive-dashboard,feed-viewer,kitchensink,calendar,classic/desktop,classic/ticket-app,classic/portal,classic/simple-tasks,classic/responsive-app,classic/aria,modern/addressbook,modern/blackberry,modern/energy,modern/stockapp,modern/states,modern/geocongress,modern/oreilly
                framework.example.apps.0 : admin-dashboard                                   
                framework.example.apps.1 : executive-dashboard                               
               framework.example.apps.10 : classic/aria                                      
               framework.example.apps.11 : modern/addressbook                                
               framework.example.apps.12 : modern/blackberry                                 
               framework.example.apps.13 : modern/energy                                     
               framework.example.apps.14 : modern/stockapp                                   
               framework.example.apps.15 : modern/states                                     
               framework.example.apps.16 : modern/geocongress                                
               framework.example.apps.17 : modern/oreilly                                    
                framework.example.apps.2 : feed-viewer                                       
                framework.example.apps.3 : kitchensink                                       
                framework.example.apps.4 : calendar                                          
                framework.example.apps.5 : classic/desktop                                   
                framework.example.apps.6 : classic/ticket-app                                
                framework.example.apps.7 : classic/portal                                    
                framework.example.apps.8 : classic/simple-tasks                              
                framework.example.apps.9 : classic/responsive-app                            
           framework.example.apps.length : 18                                                
                  framework.example.path : examples,templates                                
                framework.example.path.0 : examples                                          
                framework.example.path.1 : templates                                         
           framework.example.path.length : 2                                                 
                        framework.format : 1                                                 
                          framework.isV5 : true                                              
                          framework.isV6 : true                                              
                          framework.name : ext                                               
                     framework.namespace : Ext                                               
                        framework.output : /Volumes/Disk2/git.projects/eui-workspace/packages/local/eui-core/build
                     framework.overrides : /Volumes/Disk2/git.projects/eui-workspace/packages/local/eui-core/overrides
                  framework.packages.dir : /Volumes/Disk2/git.projects/eui-workspace/ext/packages/,/Volumes/Disk2/git.projects/eui-workspace/ext/classic
                framework.resource.paths : resources                                         
              framework.resource.paths.0 : resources                                         
         framework.resource.paths.length : 1                                                 
                      framework.sass.etc : /Volumes/Disk2/git.projects/eui-workspace/packages/local/eui-core/sass/etc/all.scss
                  framework.sass.fashion : true                                              
                framework.sass.namespace : Ext                                               
                      framework.sass.src : /Volumes/Disk2/git.projects/eui-workspace/packages/local/eui-core/sass/src
                      framework.sass.var : /Volumes/Disk2/git.projects/eui-workspace/packages/local/eui-core/sass/var
                       framework.subpkgs : classic/classic,modern/modern,packages/charts,packages/amf,packages/soap,packages/ux,packages/google,packages/legacy,packages/font-awesome,packages/font-pictos,packages/font-ext
                     framework.subpkgs.0 : classic/classic                                   
                     framework.subpkgs.1 : modern/modern                                     
                    framework.subpkgs.10 : packages/font-ext                                 
                     framework.subpkgs.2 : packages/charts                                   
                     framework.subpkgs.3 : packages/amf                                      
                     framework.subpkgs.4 : packages/soap                                     
                     framework.subpkgs.5 : packages/ux                                       
                     framework.subpkgs.6 : packages/google                                   
                     framework.subpkgs.7 : packages/legacy                                   
                     framework.subpkgs.8 : packages/font-awesome                             
                     framework.subpkgs.9 : packages/font-pictos                              
                framework.subpkgs.length : 11                                                
                       framework.summary : Ext JS                                            
                          framework.type : framework                                         
                       framework.version : 6.2.0.839                                         
   package.architect.classes.0.className : eui.button.Button                                 
         package.architect.classes.0.css :                                                   
  package.architect.classes.0.css.length : 0                                                 
  package.architect.classes.0.definition : button/Button.js                                  
          package.architect.classes.0.js : ../build/eui-core-debug.js                        
        package.architect.classes.0.js.0 : ../build/eui-core-debug.js                        
   package.architect.classes.0.js.length : 1                                                 
   package.architect.classes.1.className : eui.form.field.Text                               
         package.architect.classes.1.css :                                                   
  package.architect.classes.1.css.length : 0                                                 
  package.architect.classes.1.definition : form/field/Text.js                                
          package.architect.classes.1.js : ../build/eui-core-debug.js                        
        package.architect.classes.1.js.0 : ../build/eui-core-debug.js                        
   package.architect.classes.1.js.length : 1                                                 
  package.architect.classes.10.className : eui.grid.Panel                                    
        package.architect.classes.10.css : eui-core-all.css                                  
      package.architect.classes.10.css.0 : eui-core-all.css                                  
 package.architect.classes.10.css.length : 1                                                 
 package.architect.classes.10.definition : grid/Panel.js                                     
         package.architect.classes.10.js : ../build/eui-core-debug.js                        
       package.architect.classes.10.js.0 : ../build/eui-core-debug.js                        
  package.architect.classes.10.js.length : 1                                                 
  package.architect.classes.11.className : eui.toolbar.Command                               
        package.architect.classes.11.css : eui-core-all.css                                  
      package.architect.classes.11.css.0 : eui-core-all.css                                  
 package.architect.classes.11.css.length : 1                                                 
 package.architect.classes.11.definition : toolbar/Command.js                                
         package.architect.classes.11.js : ../build/eui-core-debug.js                        
       package.architect.classes.11.js.0 : ../build/eui-core-debug.js                        
  package.architect.classes.11.js.length : 1                                                 
  package.architect.classes.12.className : eui.grid.Merge                                    
        package.architect.classes.12.css : eui-core-all.css                                  
      package.architect.classes.12.css.0 : eui-core-all.css                                  
 package.architect.classes.12.css.length : 1                                                 
 package.architect.classes.12.definition : grid/Merge.js                                     
         package.architect.classes.12.js : ../build/eui-core-debug.js                        
       package.architect.classes.12.js.0 : ../build/eui-core-debug.js                        
  package.architect.classes.12.js.length : 1                                                 
   package.architect.classes.2.className : eui.form.field.Date                               
         package.architect.classes.2.css :                                                   
  package.architect.classes.2.css.length : 0                                                 
  package.architect.classes.2.definition : form/field/Date.js                                
          package.architect.classes.2.js : ../build/eui-core-debug.js                        
        package.architect.classes.2.js.0 : ../build/eui-core-debug.js                        
   package.architect.classes.2.js.length : 1                                                 
   package.architect.classes.3.className : eui.form.Panel                                    
         package.architect.classes.3.css : eui-core-all.css                                  
       package.architect.classes.3.css.0 : eui-core-all.css                                  
  package.architect.classes.3.css.length : 1                                                 
  package.architect.classes.3.definition : form/Panel.js                                     
          package.architect.classes.3.js : ../build/eui-core-debug.js                        
        package.architect.classes.3.js.0 : ../build/eui-core-debug.js                        
   package.architect.classes.3.js.length : 1                                                 
   package.architect.classes.4.className : eui.form.RadioGroup                               
         package.architect.classes.4.css : eui-core-all.css                                  
       package.architect.classes.4.css.0 : eui-core-all.css                                  
  package.architect.classes.4.css.length : 1                                                 
  package.architect.classes.4.definition : form/RadioGroup.js                                
          package.architect.classes.4.js : ../build/eui-core-debug.js                        
        package.architect.classes.4.js.0 : ../build/eui-core-debug.js                        
   package.architect.classes.4.js.length : 1                                                 
   package.architect.classes.5.className : eui.form.CheckboxGroup                            
         package.architect.classes.5.css : eui-core-all.css                                  
       package.architect.classes.5.css.0 : eui-core-all.css                                  
  package.architect.classes.5.css.length : 1                                                 
  package.architect.classes.5.definition : form/CheckboxGroup.js                             
          package.architect.classes.5.js : ../build/eui-core-debug.js                        
        package.architect.classes.5.js.0 : ../build/eui-core-debug.js                        
   package.architect.classes.5.js.length : 1                                                 
   package.architect.classes.6.className : eui.form.field.ComboBox                           
         package.architect.classes.6.css : eui-core-all.css                                  
       package.architect.classes.6.css.0 : eui-core-all.css                                  
  package.architect.classes.6.css.length : 1                                                 
  package.architect.classes.6.definition : form/field/ComboBox.js                            
          package.architect.classes.6.js : ../build/eui-core-debug.js                        
        package.architect.classes.6.js.0 : ../build/eui-core-debug.js                        
   package.architect.classes.6.js.length : 1                                                 
   package.architect.classes.7.className : eui.form.field.File                               
         package.architect.classes.7.css : eui-core-all.css                                  
       package.architect.classes.7.css.0 : eui-core-all.css                                  
  package.architect.classes.7.css.length : 1                                                 
  package.architect.classes.7.definition : form/field/File.js                                
          package.architect.classes.7.js : ../build/eui-core-debug.js                        
        package.architect.classes.7.js.0 : ../build/eui-core-debug.js                        
   package.architect.classes.7.js.length : 1                                                 
   package.architect.classes.8.className : eui.form.field.Number                             
         package.architect.classes.8.css : eui-core-all.css                                  
       package.architect.classes.8.css.0 : eui-core-all.css                                  
  package.architect.classes.8.css.length : 1                                                 
  package.architect.classes.8.definition : form/field/Number.js                              
          package.architect.classes.8.js : ../build/eui-core-debug.js                        
        package.architect.classes.8.js.0 : ../build/eui-core-debug.js                        
   package.architect.classes.8.js.length : 1                                                 
   package.architect.classes.9.className : eui.form.field.Display                            
         package.architect.classes.9.css : eui-core-all.css                                  
       package.architect.classes.9.css.0 : eui-core-all.css                                  
  package.architect.classes.9.css.length : 1                                                 
  package.architect.classes.9.definition : form/field/Display.js                             
          package.architect.classes.9.js : ../build/eui-core-debug.js                        
        package.architect.classes.9.js.0 : ../build/eui-core-debug.js                        
   package.architect.classes.9.js.length : 1                                                 
        package.architect.classes.length : 13                                                
      package.architect.compatFrameworks : ext51,ext60,ext62                                 
    package.architect.compatFrameworks.0 : ext51                                             
    package.architect.compatFrameworks.1 : ext60                                             
    package.architect.compatFrameworks.2 : ext62                                             
package.architect.compatFrameworks.length : 3                                                 
                      package.base.names : null                                              
                   package.base.packages : null                                              
                       package.classpath : /Volumes/Disk2/git.projects/eui-workspace/packages/local/eui-core/src,/Volumes/Disk2/git.projects/eui-workspace/packages/local/eui-core/classic/src,/Volumes/Disk2/git.projects/eui-workspace/packages/local/eui-core/lib
                     package.classpath.0 : /Volumes/Disk2/git.projects/eui-workspace/packages/local/eui-core/src
                     package.classpath.1 : /Volumes/Disk2/git.projects/eui-workspace/packages/local/eui-core/classic/src
                     package.classpath.2 : /Volumes/Disk2/git.projects/eui-workspace/packages/local/eui-core/lib
                package.classpath.length : 3                                                 
                     package.cmd.version : 6.2.0.103                                         
                   package.compatVersion : 1.0.0                                             
                      package.config.dir : /Volumes/Disk2/git.projects/eui-workspace/packages/local/eui-core/.sencha/package
                         package.creator : anonymous                                         
             package.detailedDescription : Long description of package                       
                             package.dir : /Volumes/Disk2/git.projects/eui-workspace/packages/local/eui-core
                    package.example.path : /Volumes/Disk2/git.projects/eui-workspace/packages/local/eui-core/examples
                  package.example.path.0 : /Volumes/Disk2/git.projects/eui-workspace/packages/local/eui-core/examples
             package.example.path.length : 1                                                 
                          package.format : 1                                                 
                       package.framework : ext                                               
                           package.local : true                                              
                            package.name : eui-core                                          
                       package.namespace : Eui.core                                          
                          package.output : /Volumes/Disk2/git.projects/eui-workspace/packages/local/eui-core/build
                       package.overrides : /Volumes/Disk2/git.projects/eui-workspace/packages/local/eui-core/overrides,/Volumes/Disk2/git.projects/eui-workspace/packages/local/eui-core/classic/overrides
                     package.overrides.0 : /Volumes/Disk2/git.projects/eui-workspace/packages/local/eui-core/overrides
                     package.overrides.1 : /Volumes/Disk2/git.projects/eui-workspace/packages/local/eui-core/classic/overrides
                package.overrides.length : 2                                                 
                  package.requires.names : null                                              
               package.requires.packages : null                                              
                    package.sass.dynamic : true                                              
                        package.sass.etc : /Volumes/Disk2/git.projects/eui-workspace/packages/local/eui-core/sass/etc/all.scss,/Volumes/Disk2/git.projects/eui-workspace/packages/local/eui-core/classic/sass/etc/all.scss
                      package.sass.etc.0 : /Volumes/Disk2/git.projects/eui-workspace/packages/local/eui-core/sass/etc/all.scss
                      package.sass.etc.1 : /Volumes/Disk2/git.projects/eui-workspace/packages/local/eui-core/classic/sass/etc/all.scss
                 package.sass.etc.length : 2                                                 
                  package.sass.namespace : Eui.core                                          
                        package.sass.src : /Volumes/Disk2/git.projects/eui-workspace/packages/local/eui-core/sass/src,/Volumes/Disk2/git.projects/eui-workspace/packages/local/eui-core/classic/sass/src
                      package.sass.src.0 : /Volumes/Disk2/git.projects/eui-workspace/packages/local/eui-core/sass/src
                      package.sass.src.1 : /Volumes/Disk2/git.projects/eui-workspace/packages/local/eui-core/classic/sass/src
                 package.sass.src.length : 2                                                 
                        package.sass.var : /Volumes/Disk2/git.projects/eui-workspace/packages/local/eui-core/sass/var,/Volumes/Disk2/git.projects/eui-workspace/packages/local/eui-core/classic/sass/var
                      package.sass.var.0 : /Volumes/Disk2/git.projects/eui-workspace/packages/local/eui-core/sass/var
                      package.sass.var.1 : /Volumes/Disk2/git.projects/eui-workspace/packages/local/eui-core/classic/sass/var
                 package.sass.var.length : 2                                                 
    package.slicer.js.0.isWidgetManifest : true                                              
                package.slicer.js.0.path : /Volumes/Disk2/git.projects/eui-workspace/packages/local/eui-core/sass/example/custom.js
                package.slicer.js.length : 1                                                 
                     package.subpkgs.dir : /Volumes/Disk2/git.projects/eui-workspace/packages/local/eui-core/packages
                         package.summary : Short summary                                     
                         package.toolkit : classic                                           
                            package.type : code                                              
                         package.version : 1.0.0                                             
                          repo.local.dir : /Users/benney/bin/Sencha/Cmd/repo                 
        system.java.net.useSystemProxies : true                                              
                            toolkit.name : classic                                           
                          workspace.apps : eui-sample                                        
                        workspace.apps.0 : eui-sample                                        
                   workspace.apps.length : 1                                                 
                     workspace.build.dir : /Volumes/Disk2/git.projects/eui-workspace/build   
                   workspace.cmd.version : 6.0.2.14                                          
                    workspace.config.dir : /Volumes/Disk2/git.projects/eui-workspace/.sencha/workspace
                           workspace.dir : /Volumes/Disk2/git.projects/eui-workspace         
                workspace.frameworks.ext : ext                                               
                  workspace.packages.dir : /Volumes/Disk2/git.projects/eui-workspace/packages/local,/Volumes/Disk2/git.projects/eui-workspace/packages
              workspace.packages.extract : /Volumes/Disk2/git.projects/eui-workspace/packages/remote
                     workspace.theme.dir : /Volumes/Disk2/git.projects/eui-workspace/packages/local,/Volumes/Disk2/git.projects/eui-workspace/packages/${args.themeName}

Exception information:
=======================
java.lang.IllegalStateException: Expected a string but was BEGIN_OBJECT at line 30 column 10
     at com.google.gson.internal.bind.ReflectiveTypeAdapterFactory$Adapter.read(ReflectiveTypeAdapterFactory.java:176)
     at com.google.gson.Gson.fromJson(Gson.java:803)
     at com.google.gson.Gson.fromJson(Gson.java:768)
     at com.google.gson.Gson.fromJson(Gson.java:717)
     at com.sencha.util.JsonUtil$ThreadSafeGson.fromJson(JsonUtil.java:390)
     at com.sencha.util.JsonUtil.fromJson(JsonUtil.java:151)
     at com.sencha.tools.pkg.Model$Package.load(Model.java:851)
     at com.sencha.tools.pkg.Model$Package.load(Model.java:843)
     at com.sencha.command.environment.WorkspaceRepository$2.map(WorkspaceRepository.java:402)
     at com.sencha.command.environment.WorkspaceRepository$2.map(WorkspaceRepository.java:393)
     at com.sencha.command.environment.WorkspaceRepository.scanPackages(WorkspaceRepository.java:422)
     at com.sencha.command.environment.WorkspaceRepository.scanPackages(WorkspaceRepository.java:378)
     at com.sencha.command.environment.WorkspaceRepository.scanWorkspacePackages(WorkspaceRepository.java:369)
     at com.sencha.command.environment.WorkspaceRepository.getWorkspaceCatalog(WorkspaceRepository.java:449)
     at com.sencha.command.environment.WorkspaceRepository.getWorkspaceCatalog(WorkspaceRepository.java:444)
     at com.sencha.command.environment.WorkspaceRepository.getPackage(WorkspaceRepository.java:303)
     at com.sencha.command.environment.AppOrPackageEnvironment$1.test(AppOrPackageEnvironment.java:182)
     at com.sencha.command.environment.AppOrPackageEnvironment$1.test(AppOrPackageEnvironment.java:178)
     at com.sencha.util.CollectionUtil.filter(CollectionUtil.java:72)
     at com.sencha.util.CollectionUtil$MonadicList.filter(CollectionUtil.java:254)
     at com.sencha.command.environment.AppOrPackageEnvironment.getRequires(AppOrPackageEnvironment.java:178)
     at com.sencha.command.environment.AppOrPackageEnvironment.getRequires(AppOrPackageEnvironment.java:126)
     at com.sencha.command.environment.PackageEnvironment.getRequires(PackageEnvironment.java:312)
     at com.sencha.command.environment.AppOrPackageEnvironment.getRequiredPackages(AppOrPackageEnvironment.java:319)
     at com.sencha.command.environment.AppOrPackageEnvironment.getRequiredPackages(AppOrPackageEnvironment.java:289)
     at com.sencha.command.environment.AppOrPackageEnvironment.execute(AppOrPackageEnvironment.java:737)
     at com.sencha.command.pkg.BuildCommand.execute(BuildCommand.java:141)
     at sun.reflect.NativeMethodAccessorImpl.invoke0(Native Method)
     at sun.reflect.NativeMethodAccessorImpl.invoke(NativeMethodAccessorImpl.java:62)
     at sun.reflect.DelegatingMethodAccessorImpl.invoke(DelegatingMethodAccessorImpl.java:43)
     at java.lang.reflect.Method.invoke(Method.java:497)
     at com.sencha.util.MethodInvoker$Arguments.invoke(MethodInvoker.java:175)
     at com.sencha.cli.Command.dispatch(Command.java:43)
     at com.sencha.cli.Commands.dispatch(Commands.java:64)
     at com.sencha.cli.Commands.dispatch(Commands.java:64)
     at com.sencha.command.Sencha.dispatch(Sencha.java:73)
     at com.sencha.command.Sencha.main(Sencha.java:141)
     at sun.reflect.NativeMethodAccessorImpl.invoke0(Native Method)
     at sun.reflect.NativeMethodAccessorImpl.invoke(NativeMethodAccessorImpl.java:62)
     at sun.reflect.DelegatingMethodAccessorImpl.invoke(DelegatingMethodAccessorImpl.java:43)
     at java.lang.reflect.Method.invoke(Method.java:497)
     at com.exe4j.runtime.LauncherEngine.launch(Unknown Source)
     at com.install4j.runtime.launcher.UnixLauncher.main(Unknown Source)
   Caused by: Expected a string but was BEGIN_OBJECT at line 30 column 10
     at com.google.gson.stream.JsonReader.nextString(JsonReader.java:821)
     at com.google.gson.internal.bind.TypeAdapters$13.read(TypeAdapters.java:358)
     at com.google.gson.internal.bind.TypeAdapters$13.read(TypeAdapters.java:346)
     at com.google.gson.internal.bind.TypeAdapterRuntimeTypeWrapper.read(TypeAdapterRuntimeTypeWrapper.java:40)
     at com.google.gson.internal.bind.ArrayTypeAdapter.read(ArrayTypeAdapter.java:72)
     at com.google.gson.internal.bind.ReflectiveTypeAdapterFactory$1.read(ReflectiveTypeAdapterFactory.java:93)
     at com.google.gson.internal.bind.ReflectiveTypeAdapterFactory$Adapter.read(ReflectiveTypeAdapterFactory.java:172)
     at com.google.gson.Gson.fromJson(Gson.java:803)
     at com.google.gson.Gson.fromJson(Gson.java:768)
     at com.google.gson.Gson.fromJson(Gson.java:717)
     at com.sencha.util.JsonUtil$ThreadSafeGson.fromJson(JsonUtil.java:390)
     at com.sencha.util.JsonUtil.fromJson(JsonUtil.java:151)
     at com.sencha.tools.pkg.Model$Package.load(Model.java:851)
     at com.sencha.tools.pkg.Model$Package.load(Model.java:843)
     at com.sencha.command.environment.WorkspaceRepository$2.map(WorkspaceRepository.java:402)
     at com.sencha.command.environment.WorkspaceRepository$2.map(WorkspaceRepository.java:393)
     at com.sencha.command.environment.WorkspaceRepository.scanPackages(WorkspaceRepository.java:422)
     at com.sencha.command.environment.WorkspaceRepository.scanPackages(WorkspaceRepository.java:378)
     at com.sencha.command.environment.WorkspaceRepository.scanWorkspacePackages(WorkspaceRepository.java:369)
     at com.sencha.command.environment.WorkspaceRepository.getWorkspaceCatalog(WorkspaceRepository.java:449)
     at com.sencha.command.environment.WorkspaceRepository.getWorkspaceCatalog(WorkspaceRepository.java:444)
     at com.sencha.command.environment.WorkspaceRepository.getPackage(WorkspaceRepository.java:303)
     at com.sencha.command.environment.AppOrPackageEnvironment$1.test(AppOrPackageEnvironment.java:182)
     at com.sencha.command.environment.AppOrPackageEnvironment$1.test(AppOrPackageEnvironment.java:178)
     at com.sencha.util.CollectionUtil.filter(CollectionUtil.java:72)
     at com.sencha.util.CollectionUtil$MonadicList.filter(CollectionUtil.java:254)
     at com.sencha.command.environment.AppOrPackageEnvironment.getRequires(AppOrPackageEnvironment.java:178)
     at com.sencha.command.environment.AppOrPackageEnvironment.getRequires(AppOrPackageEnvironment.java:126)
     at com.sencha.command.environment.PackageEnvironment.getRequires(PackageEnvironment.java:312)
     at com.sencha.command.environment.AppOrPackageEnvironment.getRequiredPackages(AppOrPackageEnvironment.java:319)
     at com.sencha.command.environment.AppOrPackageEnvironment.getRequiredPackages(AppOrPackageEnvironment.java:289)
     at com.sencha.command.environment.AppOrPackageEnvironment.execute(AppOrPackageEnvironment.java:737)
     at com.sencha.command.pkg.BuildCommand.execute(BuildCommand.java:141)
     at sun.reflect.NativeMethodAccessorImpl.invoke0(Native Method)
     at sun.reflect.NativeMethodAccessorImpl.invoke(NativeMethodAccessorImpl.java:62)
     at sun.reflect.DelegatingMethodAccessorImpl.invoke(DelegatingMethodAccessorImpl.java:43)
     at java.lang.reflect.Method.invoke(Method.java:497)
     at com.sencha.util.MethodInvoker$Arguments.invoke(MethodInvoker.java:175)
     at com.sencha.cli.Command.dispatch(Command.java:43)
     at com.sencha.cli.Commands.dispatch(Commands.java:64)
     at com.sencha.cli.Commands.dispatch(Commands.java:64)
     at com.sencha.command.Sencha.dispatch(Sencha.java:73)
     at com.sencha.command.Sencha.main(Sencha.java:141)
     at sun.reflect.NativeMethodAccessorImpl.invoke0(Native Method)
     at sun.reflect.NativeMethodAccessorImpl.invoke(NativeMethodAccessorImpl.java:62)
     at sun.reflect.DelegatingMethodAccessorImpl.invoke(DelegatingMethodAccessorImpl.java:43)
     at java.lang.reflect.Method.invoke(Method.java:497)
     at com.exe4j.runtime.LauncherEngine.launch(Unknown Source)
     at com.install4j.runtime.launcher.UnixLauncher.main(Unknown Source)

